<?xml version="1.0" encoding="UTF-8"?>
<testng-results ignored="0" total="1" passed="1" failed="0" skipped="0">
  <reporter-output>
  </reporter-output>
  <suite started-at="2022-10-11T19:09:32 IST" name="Default suite" finished-at="2022-10-11T19:09:43 IST" duration-ms="10594">
    <groups>
    </groups>
    <test started-at="2022-10-11T19:09:32 IST" name="Default test" finished-at="2022-10-11T19:09:43 IST" duration-ms="10594">
      <class name="framework.RunParameter">
        <test-method signature="method()[pri:0, instance:framework.RunParameter@17497425]" started-at="2022-10-11T19:09:32 IST" name="method" finished-at="2022-10-11T19:09:43 IST" duration-ms="10554" status="PASS">
          <reporter-output>
          </reporter-output>
        </test-method> <!-- method -->
      </class> <!-- framework.RunParameter -->
    </test> <!-- Default test -->
  </suite> <!-- Default suite -->
</testng-results>
