<?xml version="1.0" encoding="UTF-8"?>
<!-- Generated by org.testng.reporters.JUnitXMLReporter -->
<testsuite ignored="0" hostname="JARVIS" failures="1" tests="1" name="Test" time="28.498" errors="0" timestamp="2022-10-08T22:47:02 IST">
  <testcase classname="com.crm.organsation.organisation" name="Organisation" time="16.826">
    <failure type="java.lang.AssertionError" message="expected [false] but found [true]">
      <![CDATA[java.lang.AssertionError: expected [false] but found [true]
at com.crm.organsation.organisation.Organisation(organisation.java:98)
at java.base/java.util.ArrayList.forEach(ArrayList.java:1511)
... Removed 33 stack frames]]>
    </failure>
  </testcase> <!-- Organisation -->
</testsuite> <!-- Test -->
